c:\users\public\rtvistask2\rtvistask2\tmp\release\vc140.pdb
c:\users\public\rtvistask2\rtvistask2\tmp\release\streamserver.obj
c:\users\public\rtvistask2\rtvistask2\tmp\release\pdbloader.obj
c:\users\public\rtvistask2\rtvistask2\tmp\release\netcdfloader.obj
c:\users\public\rtvistask2\rtvistask2\tmp\release\mainwindow.obj
c:\users\public\rtvistask2\rtvistask2\tmp\release\main.obj
c:\users\public\rtvistask2\rtvistask2\tmp\release\loadbinarydata.obj
c:\users\public\rtvistask2\rtvistask2\tmp\release\glwidget.obj
c:\users\public\rtvistask2\rtvistask2\tmp\release\camera.obj
c:\users\public\rtvistask2\rtvistask2\tmp\release\moc_streamserver.obj
c:\users\public\rtvistask2\rtvistask2\tmp\release\moc_mainwindow.obj
c:\users\public\rtvistask2\rtvistask2\tmp\release\moc_glwidget.obj
c:\users\public\rtvistask2\rtvistask2\tmp\release\glsw.obj
c:\users\public\rtvistask2\rtvistask2\tmp\release\bstrlib.obj
c:\users\public\rtvistask2\rtvistask2\generated\moc_mainwindow.cpp
c:\users\public\rtvistask2\rtvistask2\generated\moc_streamserver.cpp
c:\users\public\rtvistask2\rtvistask2\generated\moc_glwidget.cpp
c:\users\public\rtvistask2\rtvistask2\generated\ui_mainwindow.h
c:\users\public\rtvistask2\rtvistask2\bin\release\rtvis.exe
c:\users\public\rtvistask2\rtvistask2\bin\release\rtvis.ipdb
c:\users\public\rtvistask2\rtvistask2\bin\release\rtvis.iobj
c:\users\public\rtvistask2\rtvistask2\bin\release\rtvis.pdb
c:\users\public\rtvistask2\rtvistask2\tmp\release\kde2d.cu.cache
c:\users\public\rtvistask2\rtvistask2\tmp\release\kde2d.cu.obj
c:\users\public\rtvistask2\rtvistask2\tmp\release\rtvis.tlog\cl.command.1.tlog
c:\users\public\rtvistask2\rtvistask2\tmp\release\rtvis.tlog\cl.read.1.tlog
c:\users\public\rtvistask2\rtvistask2\tmp\release\rtvis.tlog\cl.write.1.tlog
c:\users\public\rtvistask2\rtvistask2\tmp\release\rtvis.tlog\custombuild.command.1.tlog
c:\users\public\rtvistask2\rtvistask2\tmp\release\rtvis.tlog\custombuild.read.1.tlog
c:\users\public\rtvistask2\rtvistask2\tmp\release\rtvis.tlog\custombuild.write.1.tlog
c:\users\public\rtvistask2\rtvistask2\tmp\release\rtvis.tlog\link.command.1.tlog
c:\users\public\rtvistask2\rtvistask2\tmp\release\rtvis.tlog\link.read.1.tlog
c:\users\public\rtvistask2\rtvistask2\tmp\release\rtvis.tlog\link.write.1.tlog
