c:\users\public\rtvistask2\rtvistask2\tmp\debug\vc140.pdb
c:\users\public\rtvistask2\rtvistask2\tmp\debug\vc140.idb
c:\users\public\rtvistask2\rtvistask2\tmp\debug\moc_glwidget.obj
c:\users\public\rtvistask2\rtvistask2\tmp\debug\moc_mainwindow.obj
c:\users\public\rtvistask2\rtvistask2\tmp\debug\moc_streamserver.obj
c:\users\public\rtvistask2\rtvistask2\tmp\debug\camera.obj
c:\users\public\rtvistask2\rtvistask2\tmp\debug\glwidget.obj
c:\users\public\rtvistask2\rtvistask2\tmp\debug\loadbinarydata.obj
c:\users\public\rtvistask2\rtvistask2\tmp\debug\main.obj
c:\users\public\rtvistask2\rtvistask2\tmp\debug\mainwindow.obj
c:\users\public\rtvistask2\rtvistask2\tmp\debug\netcdfloader.obj
c:\users\public\rtvistask2\rtvistask2\tmp\debug\pdbloader.obj
c:\users\public\rtvistask2\rtvistask2\tmp\debug\streamserver.obj
c:\users\public\rtvistask2\rtvistask2\tmp\debug\bstrlib.obj
c:\users\public\rtvistask2\rtvistask2\tmp\debug\glsw.obj
c:\users\public\rtvistask2\rtvistask2\generated\moc_mainwindow.cpp
c:\users\public\rtvistask2\rtvistask2\generated\moc_streamserver.cpp
c:\users\public\rtvistask2\rtvistask2\generated\moc_glwidget.cpp
c:\users\public\rtvistask2\rtvistask2\generated\ui_mainwindow.h
c:\users\public\rtvistask2\rtvistask2\tmp\debug\kde2d.cu.cache
c:\users\public\rtvistask2\rtvistask2\tmp\debug\kde2d.cu.obj
c:\users\public\rtvistask2\rtvistask2\tmp\debug\rtvis.tlog\cl.command.1.tlog
c:\users\public\rtvistask2\rtvistask2\tmp\debug\rtvis.tlog\cl.read.1.tlog
c:\users\public\rtvistask2\rtvistask2\tmp\debug\rtvis.tlog\cl.write.1.tlog
c:\users\public\rtvistask2\rtvistask2\tmp\debug\rtvis.tlog\custombuild.command.1.tlog
c:\users\public\rtvistask2\rtvistask2\tmp\debug\rtvis.tlog\custombuild.read.1.tlog
c:\users\public\rtvistask2\rtvistask2\tmp\debug\rtvis.tlog\custombuild.write.1.tlog
c:\users\public\rtvistask2\rtvistask2\tmp\debug\rtvis.tlog\link.command.1.tlog
c:\users\public\rtvistask2\rtvistask2\tmp\debug\rtvis.tlog\link.read.1.tlog
c:\users\public\rtvistask2\rtvistask2\tmp\debug\rtvis.tlog\link.write.1.tlog
